<?xml version="1.0" encoding="UTF-8"?>
<!-- Generated by org.testng.reporters.JUnitXMLReporter -->
<testsuite hostname="EXIPC0120" name="Test" tests="6" failures="6" timestamp="5 Oct 2021 20:08:00 GMT" time="0.111" errors="0">
  <testcase name="testCommunityAdminValidLogin" time="0.054" classname="WebApp.Salesarchitect.LoginPage.LoginTestCases">
    <failure type="java.lang.NullPointerException">
      <![CDATA[java.lang.NullPointerException
	at org.openqa.selenium.support.pagefactory.DefaultElementLocator.findElement(DefaultElementLocator.java:69)
	at org.openqa.selenium.support.pagefactory.internal.LocatingElementHandler.invoke(LocatingElementHandler.java:38)
	at com.sun.proxy.$Proxy7.sendKeys(Unknown Source)
	at WebApp.Salesarchitect.Pages.LoginPage.communityAdminValidLogin(LoginPage.java:57)
	at WebApp.Salesarchitect.LoginPage.LoginTestCases.testCommunityAdminValidLogin(LoginTestCases.java:39)
... Removed 24 stack frames]]>
    </failure>
  </testcase> <!-- testCommunityAdminValidLogin -->
  <testcase name="testInValidLogin" time="0.002" classname="WebApp.Salesarchitect.LoginPage.LoginTestCases">
    <failure type="java.lang.NullPointerException">
      <![CDATA[java.lang.NullPointerException
	at org.openqa.selenium.support.pagefactory.DefaultElementLocator.findElement(DefaultElementLocator.java:69)
	at org.openqa.selenium.support.pagefactory.internal.LocatingElementHandler.invoke(LocatingElementHandler.java:38)
	at com.sun.proxy.$Proxy7.sendKeys(Unknown Source)
	at WebApp.Salesarchitect.Pages.LoginPage.invalidLogin(LoginPage.java:98)
	at WebApp.Salesarchitect.LoginPage.LoginTestCases.testInValidLogin(LoginTestCases.java:77)
... Removed 24 stack frames]]>
    </failure>
  </testcase> <!-- testInValidLogin -->
  <testcase name="testPartnerSuperAdminValidLogin" time="0.006" classname="WebApp.Salesarchitect.LoginPage.LoginTestCases">
    <failure type="java.lang.NullPointerException">
      <![CDATA[java.lang.NullPointerException
	at org.openqa.selenium.support.pagefactory.DefaultElementLocator.findElement(DefaultElementLocator.java:69)
	at org.openqa.selenium.support.pagefactory.internal.LocatingElementHandler.invoke(LocatingElementHandler.java:38)
	at com.sun.proxy.$Proxy7.sendKeys(Unknown Source)
	at WebApp.Salesarchitect.Pages.LoginPage.partnerSuperAdminvalidLogin(LoginPage.java:49)
	at WebApp.Salesarchitect.LoginPage.LoginTestCases.testPartnerSuperAdminValidLogin(LoginTestCases.java:27)
... Removed 24 stack frames]]>
    </failure>
  </testcase> <!-- testPartnerSuperAdminValidLogin -->
  <testcase name="testSalesEditorAdminValidLogin" time="0.002" classname="WebApp.Salesarchitect.LoginPage.LoginTestCases">
    <failure type="java.lang.NullPointerException">
      <![CDATA[java.lang.NullPointerException
	at org.openqa.selenium.support.pagefactory.DefaultElementLocator.findElement(DefaultElementLocator.java:69)
	at org.openqa.selenium.support.pagefactory.internal.LocatingElementHandler.invoke(LocatingElementHandler.java:38)
	at com.sun.proxy.$Proxy7.sendKeys(Unknown Source)
	at WebApp.Salesarchitect.Pages.LoginPage.salesEditorValidLogin(LoginPage.java:74)
	at WebApp.Salesarchitect.LoginPage.LoginTestCases.testSalesEditorAdminValidLogin(LoginTestCases.java:63)
... Removed 24 stack frames]]>
    </failure>
  </testcase> <!-- testSalesEditorAdminValidLogin -->
  <testcase name="testSalesRepAdminValidLogin" time="0.002" classname="WebApp.Salesarchitect.LoginPage.LoginTestCases">
    <failure type="java.lang.NullPointerException">
      <![CDATA[java.lang.NullPointerException
	at org.openqa.selenium.support.pagefactory.DefaultElementLocator.findElement(DefaultElementLocator.java:69)
	at org.openqa.selenium.support.pagefactory.internal.LocatingElementHandler.invoke(LocatingElementHandler.java:38)
	at com.sun.proxy.$Proxy7.sendKeys(Unknown Source)
	at WebApp.Salesarchitect.Pages.LoginPage.salesRepValidLogin(LoginPage.java:65)
	at WebApp.Salesarchitect.LoginPage.LoginTestCases.testSalesRepAdminValidLogin(LoginTestCases.java:51)
... Removed 24 stack frames]]>
    </failure>
  </testcase> <!-- testSalesRepAdminValidLogin -->
  <testcase name="testSuperAdminValidLogin" time="0.001" classname="WebApp.Salesarchitect.LoginPage.LoginTestCases">
    <failure type="java.lang.NullPointerException">
      <![CDATA[java.lang.NullPointerException
	at org.openqa.selenium.support.pagefactory.DefaultElementLocator.findElement(DefaultElementLocator.java:69)
	at org.openqa.selenium.support.pagefactory.internal.LocatingElementHandler.invoke(LocatingElementHandler.java:38)
	at com.sun.proxy.$Proxy7.sendKeys(Unknown Source)
	at WebApp.Salesarchitect.Pages.LoginPage.superAdminValidLogin(LoginPage.java:42)
	at WebApp.Salesarchitect.LoginPage.LoginTestCases.testSuperAdminValidLogin(LoginTestCases.java:15)
... Removed 24 stack frames]]>
    </failure>
  </testcase> <!-- testSuperAdminValidLogin -->
</testsuite> <!-- Test -->
