<?xml version="1.0" encoding="UTF-8"?>
<!-- Generated by org.testng.reporters.JUnitXMLReporter -->
<testsuite hostname="EXIPC0120" name="Test2" tests="9" failures="0" timestamp="19 Oct 2021 22:26:19 GMT" time="88.142" errors="0">
  <testcase name="verifyHomePageTitleTest" time="0.014" classname="WebApp.Salesarchitect.testcases.HomePageTestCases"/>
  <testcase name="correctUserNameTest" time="0.115" classname="WebApp.Salesarchitect.testcases.HomePageTestCases"/>
  <testcase name="clickNewHomeNavigatorLinkTest" time="3.097" classname="WebApp.Salesarchitect.testcases.HomePageTestCases"/>
  <testcase name="SuperAdminValidLoginTest" time="3.763" classname="WebApp.Salesarchitect.testcases.LoginPageTestCases"/>
  <testcase name="PartnerSuperAdminValidLoginTest" time="3.986" classname="WebApp.Salesarchitect.testcases.LoginPageTestCases"/>
  <testcase name="testCommunityAdminValidLogin" time="4.346" classname="WebApp.Salesarchitect.testcases.LoginPageTestCases"/>
  <testcase name="SalesRepAdminValidLoginTest" time="3.791" classname="WebApp.Salesarchitect.testcases.LoginPageTestCases"/>
  <testcase name="SalesEditorAdminValidLoginTest" time="4.553" classname="WebApp.Salesarchitect.testcases.LoginPageTestCases"/>
  <testcase name="InValidLoginTest" time="0.748" classname="WebApp.Salesarchitect.testcases.LoginPageTestCases"/>
</testsuite> <!-- Test2 -->
