<?xml version="1.0" encoding="UTF-8"?>
<testsuite name="TestSuite" time="257.538" tests="33" errors="0" skipped="3" failures="0">
  <properties>
[...]
</properties>
  <testcase name="InValidLoginTest" classname="WebApp.Salesarchitect.testcases.LoginPageTestCases" time="1.772"/>
  <testcase name="PartnerSuperAdminValidLoginTest" classname="WebApp.Salesarchitect.testcases.LoginPageTestCases" time="6.079"/>
  <testcase name="SalesEditorAdminValidLoginTest" classname="WebApp.Salesarchitect.testcases.LoginPageTestCases" time="5.453"/>
  <testcase name="SalesRepAdminValidLoginTest" classname="WebApp.Salesarchitect.testcases.LoginPageTestCases" time="5.41"/>
  <testcase name="SuperAdminValidLoginTest" classname="WebApp.Salesarchitect.testcases.LoginPageTestCases" time="6.875"/>
  <testcase name="testCommunityAdminValidLogin" classname="WebApp.Salesarchitect.testcases.LoginPageTestCases" time="6.984"/>
  <testcase name="associateSVGMasterPlanTest" classname="WebApp.Salesarchitect.testcases.HomePageTestCases" time="16.831"/>
  <testcase name="clearSearchLinkTest" classname="WebApp.Salesarchitect.testcases.HomePageTestCases" time="10.858"/>
  <testcase name="communitySearchBoxByBuilderNameTest" classname="WebApp.Salesarchitect.testcases.HomePageTestCases" time="13.347"/>
  <testcase name="communitySearchBoxByCommunityNameTest" classname="WebApp.Salesarchitect.testcases.HomePageTestCases" time="6.606"/>
  <testcase name="geoSpatialSitePlanJsonLinkTest" classname="WebApp.Salesarchitect.testcases.HomePageTestCases" time="17.076"/>
  <testcase name="geoSpatialSitePlanSvgGeoLinkTest" classname="WebApp.Salesarchitect.testcases.HomePageTestCases" time="0">
    <skipped/>
    <system-out><![CDATA[Before navigating to: 'https://salesarchitect-build.bhitest.com'
Navigated to:'https://salesarchitect-build.bhitest.com'
Trying to find Element By : By.id: UserName
Found Element By : By.id: UserName
Trying to find Element By : By.id: Password
Found Element By : By.id: Password
Trying to find Element By : By.xpath: //button[@type='submit']
Found Element By : By.xpath: //button[@type='submit']
Trying to click on: [[ChromeDriver: chrome on WINDOWS (4f8eb52fd0a4ba9b153a99a12fcbc65c)] -> xpath: //button[@type='submit']]
Clicked on: [[ChromeDriver: chrome on WINDOWS (4f8eb52fd0a4ba9b153a99a12fcbc65c)] -> xpath: //button[@type='submit']]
Trying to find Element By : By.xpath: //td[text()='Creek Ridge']
Found Element By : By.xpath: //td[text()='Creek Ridge']
Trying to find Element By : By.xpath: //td[text()='Creek Ridge']
Found Element By : By.xpath: //td[text()='Creek Ridge']
Trying to find Element By : By.xpath: //td[text()='Creek Ridge']
Found Element By : By.xpath: //td[text()='Creek Ridge']
Trying to click on: [[ChromeDriver: chrome on WINDOWS (4f8eb52fd0a4ba9b153a99a12fcbc65c)] -> xpath: //td[text()='Creek Ridge']]
Clicked on: [[ChromeDriver: chrome on WINDOWS (4f8eb52fd0a4ba9b153a99a12fcbc65c)] -> xpath: //td[text()='Creek Ridge']]
Trying to find Element By : By.xpath: //a[text()='GeoSpatial Site Plan' and @id='googleMapsPreview']
Found Element By : By.xpath: //a[text()='GeoSpatial Site Plan' and @id='googleMapsPreview']
Trying to find Element By : By.xpath: //a[text()='GeoSpatial Site Plan' and @id='googleMapsPreview']
Found Element By : By.xpath: //a[text()='GeoSpatial Site Plan' and @id='googleMapsPreview']
Trying to click on: [[ChromeDriver: chrome on WINDOWS (4f8eb52fd0a4ba9b153a99a12fcbc65c)] -> xpath: //a[text()='GeoSpatial Site Plan' and @id='googleMapsPreview']]
Clicked on: [[ChromeDriver: chrome on WINDOWS (4f8eb52fd0a4ba9b153a99a12fcbc65c)] -> xpath: //a[text()='GeoSpatial Site Plan' and @id='googleMapsPreview']]
All other ids are[CDwindow-22510B4615646B4BE9FD0A0A6EB5EE8A, CDwindow-F66EFBC5B07085C87D0815381216E191]
Trying to find Element By : By.xpath: //*[name()='svg']//*[local-name()='polygon' and @id='Lot_81']
Exception has been occured: org.openqa.selenium.NoSuchElementException: no such element: Unable to locate element: {"method":"xpath","selector":"//*[name()='svg']//*[local-name()='polygon' and @id='Lot_81']"}
  (Session info: chrome=98.0.4758.102)
For documentation on this error, please visit: https://www.seleniumhq.org/exceptions/no_such_element.html
Build info: version: '3.141.59', revision: 'e82be7d358', time: '2018-11-14T08:17:03'
System info: host: 'EXIPC0120', ip: '172.17.10.238', os.name: 'Windows 10', os.arch: 'amd64', os.version: '10.0', java.version: '1.8.0_201'
Driver info: org.openqa.selenium.chrome.ChromeDriver
Capabilities {acceptInsecureCerts: false, browserName: chrome, browserVersion: 98.0.4758.102, chrome: {chromedriverVersion: 98.0.4758.80 (7f0488e8ba0d8..., userDataDir: C:\Users\SCHOUD~1\AppData\L...}, goog:chromeOptions: {debuggerAddress: localhost:65193}, javascriptEnabled: true, networkConnectionEnabled: false, pageLoadStrategy: normal, platform: WINDOWS, platformName: WINDOWS, proxy: Proxy(), setWindowRect: true, strictFileInteractability: false, timeouts: {implicit: 0, pageLoad: 300000, script: 30000}, unhandledPromptBehavior: dismiss and notify, webauthn:extension:credBlob: true, webauthn:extension:largeBlob: true, webauthn:virtualAuthenticators: true}
Session ID: 4f8eb52fd0a4ba9b153a99a12fcbc65c
*** Element info: {Using=xpath, value=//*[name()='svg']//*[local-name()='polygon' and @id='Lot_81']}
]]></system-out>
    <system-err><![CDATA[Starting ChromeDriver 98.0.4758.80 (7f0488e8ba0d8e019187c6325a16c29d9b7f4989-refs/branch-heads/4758@{#972}) on port 19868
Only local connections are allowed.
Please see https://chromedriver.chromium.org/security-considerations for suggestions on keeping ChromeDriver safe.
ChromeDriver was started successfully.
Mar 01, 2022 1:47:07 PM org.openqa.selenium.remote.ProtocolHandshake createSession
INFO: Detected dialect: W3C
]]></system-err>
  </testcase>
  <testcase name="geoSpatialSitePlanSvgGeoLinkTest" classname="WebApp.Salesarchitect.testcases.HomePageTestCases" time="0">
    <skipped/>
    <system-out><![CDATA[Before navigating to: 'https://salesarchitect-build.bhitest.com'
Navigated to:'https://salesarchitect-build.bhitest.com'
Trying to find Element By : By.id: UserName
Found Element By : By.id: UserName
Trying to find Element By : By.id: Password
Found Element By : By.id: Password
Trying to find Element By : By.xpath: //button[@type='submit']
Found Element By : By.xpath: //button[@type='submit']
Trying to click on: [[ChromeDriver: chrome on WINDOWS (4b4a03223e5695be856cc4662182b902)] -> xpath: //button[@type='submit']]
Clicked on: [[ChromeDriver: chrome on WINDOWS (4b4a03223e5695be856cc4662182b902)] -> xpath: //button[@type='submit']]
Trying to find Element By : By.xpath: //td[text()='Creek Ridge']
Found Element By : By.xpath: //td[text()='Creek Ridge']
Trying to find Element By : By.xpath: //td[text()='Creek Ridge']
Found Element By : By.xpath: //td[text()='Creek Ridge']
Trying to find Element By : By.xpath: //td[text()='Creek Ridge']
Found Element By : By.xpath: //td[text()='Creek Ridge']
Trying to click on: [[ChromeDriver: chrome on WINDOWS (4b4a03223e5695be856cc4662182b902)] -> xpath: //td[text()='Creek Ridge']]
Clicked on: [[ChromeDriver: chrome on WINDOWS (4b4a03223e5695be856cc4662182b902)] -> xpath: //td[text()='Creek Ridge']]
Trying to find Element By : By.xpath: //a[text()='GeoSpatial Site Plan' and @id='googleMapsPreview']
Found Element By : By.xpath: //a[text()='GeoSpatial Site Plan' and @id='googleMapsPreview']
Trying to find Element By : By.xpath: //a[text()='GeoSpatial Site Plan' and @id='googleMapsPreview']
Found Element By : By.xpath: //a[text()='GeoSpatial Site Plan' and @id='googleMapsPreview']
Trying to click on: [[ChromeDriver: chrome on WINDOWS (4b4a03223e5695be856cc4662182b902)] -> xpath: //a[text()='GeoSpatial Site Plan' and @id='googleMapsPreview']]
Clicked on: [[ChromeDriver: chrome on WINDOWS (4b4a03223e5695be856cc4662182b902)] -> xpath: //a[text()='GeoSpatial Site Plan' and @id='googleMapsPreview']]
All other ids are[CDwindow-90D577169F33806BF7C69758F5E4F007, CDwindow-165E07987936372BE636A8756569492C]
Trying to find Element By : By.xpath: //*[name()='svg']//*[local-name()='polygon' and @id='Lot_81']
Exception has been occured: org.openqa.selenium.NoSuchElementException: no such element: Unable to locate element: {"method":"xpath","selector":"//*[name()='svg']//*[local-name()='polygon' and @id='Lot_81']"}
  (Session info: chrome=98.0.4758.102)
For documentation on this error, please visit: https://www.seleniumhq.org/exceptions/no_such_element.html
Build info: version: '3.141.59', revision: 'e82be7d358', time: '2018-11-14T08:17:03'
System info: host: 'EXIPC0120', ip: '172.17.10.238', os.name: 'Windows 10', os.arch: 'amd64', os.version: '10.0', java.version: '1.8.0_201'
Driver info: org.openqa.selenium.chrome.ChromeDriver
Capabilities {acceptInsecureCerts: false, browserName: chrome, browserVersion: 98.0.4758.102, chrome: {chromedriverVersion: 98.0.4758.80 (7f0488e8ba0d8..., userDataDir: C:\Users\SCHOUD~1\AppData\L...}, goog:chromeOptions: {debuggerAddress: localhost:65317}, javascriptEnabled: true, networkConnectionEnabled: false, pageLoadStrategy: normal, platform: WINDOWS, platformName: WINDOWS, proxy: Proxy(), setWindowRect: true, strictFileInteractability: false, timeouts: {implicit: 0, pageLoad: 300000, script: 30000}, unhandledPromptBehavior: dismiss and notify, webauthn:extension:credBlob: true, webauthn:extension:largeBlob: true, webauthn:virtualAuthenticators: true}
Session ID: 4b4a03223e5695be856cc4662182b902
*** Element info: {Using=xpath, value=//*[name()='svg']//*[local-name()='polygon' and @id='Lot_81']}
]]></system-out>
    <system-err><![CDATA[Starting ChromeDriver 98.0.4758.80 (7f0488e8ba0d8e019187c6325a16c29d9b7f4989-refs/branch-heads/4758@{#972}) on port 40977
Only local connections are allowed.
Please see https://chromedriver.chromium.org/security-considerations for suggestions on keeping ChromeDriver safe.
ChromeDriver was started successfully.
Mar 01, 2022 1:47:48 PM org.openqa.selenium.remote.ProtocolHandshake createSession
INFO: Detected dialect: W3C
]]></system-err>
  </testcase>
  <testcase name="geoSpatialSitePlanSvgGeoLinkTest" classname="WebApp.Salesarchitect.testcases.HomePageTestCases" time="10.894"/>
  <testcase name="isApikeyValueTest" classname="WebApp.Salesarchitect.testcases.HomePageTestCases" time="2.369"/>
  <testcase name="logOffTest" classname="WebApp.Salesarchitect.testcases.HomePageTestCases" time="1.089"/>
  <testcase name="manageLotsFillDataTestExcel" classname="WebApp.Salesarchitect.testcases.HomePageTestCases" time="13.521"/>
  <testcase name="previewSVGMasterPlanLinkTest" classname="WebApp.Salesarchitect.testcases.HomePageTestCases" time="10.058"/>
  <testcase name="siteOverviewLinkTest" classname="WebApp.Salesarchitect.testcases.HomePageTestCases" time="13.114"/>
  <testcase name="sitePreviewLinkTest" classname="WebApp.Salesarchitect.testcases.HomePageTestCases" time="12.219"/>
  <testcase name="uploadSVGMasterPlanTest" classname="WebApp.Salesarchitect.testcases.HomePageTestCases" time="0">
    <skipped/>
    <system-out><![CDATA[Before navigating to: 'https://salesarchitect-build.bhitest.com'
Navigated to:'https://salesarchitect-build.bhitest.com'
Trying to find Element By : By.id: UserName
Found Element By : By.id: UserName
Trying to find Element By : By.id: Password
Found Element By : By.id: Password
Trying to find Element By : By.xpath: //button[@type='submit']
Found Element By : By.xpath: //button[@type='submit']
Trying to click on: [[ChromeDriver: chrome on WINDOWS (4d3d321a477b64640f0244ba742f387d)] -> xpath: //button[@type='submit']]
Clicked on: [[ChromeDriver: chrome on WINDOWS (4d3d321a477b64640f0244ba742f387d)] -> xpath: //button[@type='submit']]
Trying to find Element By : By.xpath: //td[text()='Eagle View']
Found Element By : By.xpath: //td[text()='Eagle View']
Trying to find Element By : By.xpath: //td[text()='Eagle View']
Found Element By : By.xpath: //td[text()='Eagle View']
Trying to click on: [[ChromeDriver: chrome on WINDOWS (4d3d321a477b64640f0244ba742f387d)] -> xpath: //td[text()='Eagle View']]
Clicked on: [[ChromeDriver: chrome on WINDOWS (4d3d321a477b64640f0244ba742f387d)] -> xpath: //td[text()='Eagle View']]
Trying to find Element By : By.xpath: //td[text()='Eagle View']
Found Element By : By.xpath: //td[text()='Eagle View']
Trying to click on: [[ChromeDriver: chrome on WINDOWS (4d3d321a477b64640f0244ba742f387d)] -> xpath: //td[text()='Eagle View']]
Clicked on: [[ChromeDriver: chrome on WINDOWS (4d3d321a477b64640f0244ba742f387d)] -> xpath: //td[text()='Eagle View']]
Trying to find Element By : By.xpath: //a[text()='Upload SVG Master Plan']
Found Element By : By.xpath: //a[text()='Upload SVG Master Plan']
Trying to find Element By : By.xpath: //a[text()='Upload SVG Master Plan']
Found Element By : By.xpath: //a[text()='Upload SVG Master Plan']
Trying to click on: [[ChromeDriver: chrome on WINDOWS (4d3d321a477b64640f0244ba742f387d)] -> xpath: //a[text()='Upload SVG Master Plan']]
Clicked on: [[ChromeDriver: chrome on WINDOWS (4d3d321a477b64640f0244ba742f387d)] -> xpath: //a[text()='Upload SVG Master Plan']]
Trying to find Element By : By.xpath: //input[@class='input-medium' and @id='name' and @name='name']
Found Element By : By.xpath: //input[@class='input-medium' and @id='name' and @name='name']
Trying to find Element By : By.xpath: //input[@class='btn btn-primary' and @id='choose-myformfile' and  @value='Choose File']
Found Element By : By.xpath: //input[@class='btn btn-primary' and @id='choose-myformfile' and  @value='Choose File']
Trying to find Element By : By.xpath: //input[@class='btn btn-primary' and @id='choose-myformfile' and  @value='Choose File']
Found Element By : By.xpath: //input[@class='btn btn-primary' and @id='choose-myformfile' and  @value='Choose File']
Trying to click on: [[ChromeDriver: chrome on WINDOWS (4d3d321a477b64640f0244ba742f387d)] -> xpath: //input[@class='btn btn-primary' and @id='choose-myformfile' and  @value='Choose File']]
Clicked on: [[ChromeDriver: chrome on WINDOWS (4d3d321a477b64640f0244ba742f387d)] -> xpath: //input[@class='btn btn-primary' and @id='choose-myformfile' and  @value='Choose File']]
Trying to find Element By : By.xpath: //input[@id='file-upload' and @value='Upload' and @class='btn btn-primary']
Found Element By : By.xpath: //input[@id='file-upload' and @value='Upload' and @class='btn btn-primary']
Trying to find Element By : By.xpath: //input[@id='file-upload' and @value='Upload' and @class='btn btn-primary']
Found Element By : By.xpath: //input[@id='file-upload' and @value='Upload' and @class='btn btn-primary']
Trying to find Element By : By.xpath: //input[@id='file-upload' and @value='Upload' and @class='btn btn-primary']
Found Element By : By.xpath: //input[@id='file-upload' and @value='Upload' and @class='btn btn-primary']
Trying to click on: [[ChromeDriver: chrome on WINDOWS (4d3d321a477b64640f0244ba742f387d)] -> xpath: //input[@id='file-upload' and @value='Upload' and @class='btn btn-primary']]
Clicked on: [[ChromeDriver: chrome on WINDOWS (4d3d321a477b64640f0244ba742f387d)] -> xpath: //input[@id='file-upload' and @value='Upload' and @class='btn btn-primary']]
Trying to find Element By : By.xpath: //td[text()='Eagle View']
Found Element By : By.xpath: //td[text()='Eagle View']
Trying to find Element By : By.xpath: //td[text()='Eagle View']
Found Element By : By.xpath: //td[text()='Eagle View']
Trying to find Element By : By.xpath: //td[text()='Eagle View']
Found Element By : By.xpath: //td[text()='Eagle View']
Trying to click on: [[ChromeDriver: chrome on WINDOWS (4d3d321a477b64640f0244ba742f387d)] -> xpath: //td[text()='Eagle View']]
Exception has been occured: org.openqa.selenium.ElementClickInterceptedException: element click intercepted: Element <td role="gridcell" style="text-align:center;" title="..." aria-describedby="Communities_cell.Name">Eagle View</td> is not clickable at point (376, 12). Other element would receive the click: <div class="modal-backdrop fade in"></div>
  (Session info: chrome=98.0.4758.102)
Build info: version: '3.141.59', revision: 'e82be7d358', time: '2018-11-14T08:17:03'
System info: host: 'EXIPC0120', ip: '172.17.10.238', os.name: 'Windows 10', os.arch: 'amd64', os.version: '10.0', java.version: '1.8.0_201'
Driver info: org.openqa.selenium.chrome.ChromeDriver
Capabilities {acceptInsecureCerts: false, browserName: chrome, browserVersion: 98.0.4758.102, chrome: {chromedriverVersion: 98.0.4758.80 (7f0488e8ba0d8..., userDataDir: C:\Users\SCHOUD~1\AppData\L...}, goog:chromeOptions: {debuggerAddress: localhost:49389}, javascriptEnabled: true, networkConnectionEnabled: false, pageLoadStrategy: normal, platform: WINDOWS, platformName: WINDOWS, proxy: Proxy(), setWindowRect: true, strictFileInteractability: false, timeouts: {implicit: 0, pageLoad: 300000, script: 30000}, unhandledPromptBehavior: dismiss and notify, webauthn:extension:credBlob: true, webauthn:extension:largeBlob: true, webauthn:virtualAuthenticators: true}
Session ID: 4d3d321a477b64640f0244ba742f387d
]]></system-out>
    <system-err><![CDATA[Starting ChromeDriver 98.0.4758.80 (7f0488e8ba0d8e019187c6325a16c29d9b7f4989-refs/branch-heads/4758@{#972}) on port 34724
Only local connections are allowed.
Please see https://chromedriver.chromium.org/security-considerations for suggestions on keeping ChromeDriver safe.
ChromeDriver was started successfully.
Mar 01, 2022 1:51:16 PM org.openqa.selenium.remote.ProtocolHandshake createSession
INFO: Detected dialect: W3C
]]></system-err>
  </testcase>
  <testcase name="uploadSVGMasterPlanTest" classname="WebApp.Salesarchitect.testcases.HomePageTestCases" time="21.178"/>
  <testcase name="verifyNextPagerIconTest" classname="WebApp.Salesarchitect.testcases.HomePageTestCases" time="9.006"/>
  <testcase name="verifyHomePageTitleTest" classname="WebApp.Salesarchitect.testcases.HomePageTestCases" time="0.009"/>
  <testcase name="verifyUserNameTest" classname="WebApp.Salesarchitect.testcases.HomePageTestCases" time="0.1"/>
  <testcase name="clickNewHomeNavigatorLinkTest" classname="WebApp.Salesarchitect.testcases.HomePageTestCases" time="3.848"/>
  <testcase name="manageUsersLinkTest" classname="WebApp.Salesarchitect.testcases.HomePageTestCases" time="6.17"/>
  <testcase name="partnerConfigurationLinkTest" classname="WebApp.Salesarchitect.testcases.HomePageTestCases" time="6.429"/>
  <testcase name="manageProspectsButtonTest" classname="WebApp.Salesarchitect.testcases.HomePageTestCases" time="4.739"/>
  <testcase name="manageAppsTest" classname="WebApp.Salesarchitect.testcases.HomePageTestCases" time="3.501"/>
  <testcase name="navigatorReportsButtonTest" classname="WebApp.Salesarchitect.testcases.HomePageTestCases" time="5.977"/>
  <testcase name="uploadSVGTest" classname="WebApp.Salesarchitect.testcases.HomePageTestCases" time="59.929"/>
  <testcase name="deleteAllLotsInfoLinkTest" classname="WebApp.Salesarchitect.testcases.HomePageTestCases" time="8.169"/>
</testsuite>