<?xml version="1.0" encoding="UTF-8"?>
<!-- Generated by org.testng.reporters.JUnitXMLReporter -->
<testsuite hostname="EXIPC0120" name="Salesarchitect Test cases" tests="6" failures="6" timestamp="19 Oct 2021 22:22:10 GMT" time="0.057" errors="0">
  <testcase name="SuperAdminValidLoginTest" time="0.014" classname="WebApp.Salesarchitect.testcases.LoginPageTestCases">
    <failure type="java.lang.NullPointerException">
      <![CDATA[java.lang.NullPointerException
	at WebApp.Salesarchitect.testcases.LoginPageTestCases.SuperAdminValidLoginTest(LoginPageTestCases.java:41)
... Removed 24 stack frames]]>
    </failure>
  </testcase> <!-- SuperAdminValidLoginTest -->
  <testcase name="PartnerSuperAdminValidLoginTest" time="0.002" classname="WebApp.Salesarchitect.testcases.LoginPageTestCases">
    <failure type="java.lang.NullPointerException">
      <![CDATA[java.lang.NullPointerException
	at WebApp.Salesarchitect.testcases.LoginPageTestCases.PartnerSuperAdminValidLoginTest(LoginPageTestCases.java:52)
... Removed 24 stack frames]]>
    </failure>
  </testcase> <!-- PartnerSuperAdminValidLoginTest -->
  <testcase name="testCommunityAdminValidLogin" time="0.001" classname="WebApp.Salesarchitect.testcases.LoginPageTestCases">
    <failure type="java.lang.NullPointerException">
      <![CDATA[java.lang.NullPointerException
	at WebApp.Salesarchitect.testcases.LoginPageTestCases.testCommunityAdminValidLogin(LoginPageTestCases.java:61)
... Removed 24 stack frames]]>
    </failure>
  </testcase> <!-- testCommunityAdminValidLogin -->
  <testcase name="SalesRepAdminValidLoginTest" time="0.001" classname="WebApp.Salesarchitect.testcases.LoginPageTestCases">
    <failure type="java.lang.NullPointerException">
      <![CDATA[java.lang.NullPointerException
	at WebApp.Salesarchitect.testcases.LoginPageTestCases.SalesRepAdminValidLoginTest(LoginPageTestCases.java:71)
... Removed 24 stack frames]]>
    </failure>
  </testcase> <!-- SalesRepAdminValidLoginTest -->
  <testcase name="SalesEditorAdminValidLoginTest" time="0.001" classname="WebApp.Salesarchitect.testcases.LoginPageTestCases">
    <failure type="java.lang.NullPointerException">
      <![CDATA[java.lang.NullPointerException
	at WebApp.Salesarchitect.testcases.LoginPageTestCases.SalesEditorAdminValidLoginTest(LoginPageTestCases.java:81)
... Removed 24 stack frames]]>
    </failure>
  </testcase> <!-- SalesEditorAdminValidLoginTest -->
  <testcase name="InValidLoginTest" time="0.001" classname="WebApp.Salesarchitect.testcases.LoginPageTestCases">
    <failure type="java.lang.NullPointerException">
      <![CDATA[java.lang.NullPointerException
	at WebApp.Salesarchitect.testcases.LoginPageTestCases.InValidLoginTest(LoginPageTestCases.java:94)
... Removed 24 stack frames]]>
    </failure>
  </testcase> <!-- InValidLoginTest -->
</testsuite> <!-- Salesarchitect Test cases -->
