<?xml version="1.0" encoding="UTF-8"?>
<!-- Generated by org.testng.reporters.JUnitXMLReporter -->
<testsuite hostname="EXIPC0120" name="SalesArchitectTestCases" tests="23" failures="1" timestamp="25 Oct 2021 15:09:31 GMT" time="550.506" errors="0">
  <testcase name="clearSearchLinkTest" time="15.3" classname="WebApp.Salesarchitect.testcases.HomePageTestCases"/>
  <testcase name="communitySearchBoxByBuilderNameTest" time="6.626" classname="WebApp.Salesarchitect.testcases.HomePageTestCases"/>
  <testcase name="communitySearchBoxByCommunityNameTest" time="8.309" classname="WebApp.Salesarchitect.testcases.HomePageTestCases"/>
  <testcase name="isApikeyValueTest" time="3.244" classname="WebApp.Salesarchitect.testcases.HomePageTestCases"/>
  <testcase name="verifyNextPagerIconTest" time="10.195" classname="WebApp.Salesarchitect.testcases.HomePageTestCases"/>
  <testcase name="verifyHomePageTitleTest" time="0.01" classname="WebApp.Salesarchitect.testcases.HomePageTestCases"/>
  <testcase name="verifyUserNameTest" time="0.112" classname="WebApp.Salesarchitect.testcases.HomePageTestCases"/>
  <testcase name="clickNewHomeNavigatorLinkTest" time="2.854" classname="WebApp.Salesarchitect.testcases.HomePageTestCases"/>
  <testcase name="manageUsersLinkTest" time="2.877" classname="WebApp.Salesarchitect.testcases.HomePageTestCases"/>
  <testcase name="partnerConfigurationLinkTest" time="3.078" classname="WebApp.Salesarchitect.testcases.HomePageTestCases"/>
  <testcase name="logOffLinkTest" time="22.435" classname="WebApp.Salesarchitect.testcases.HomePageTestCases">
    <skipped/>
  </testcase> <!-- logOffLinkTest -->
  <testcase name="logOffLinkTest" time="22.207" classname="WebApp.Salesarchitect.testcases.HomePageTestCases">
    <skipped/>
  </testcase> <!-- logOffLinkTest -->
  <testcase name="logOffLinkTest" time="21.972" classname="WebApp.Salesarchitect.testcases.HomePageTestCases">
    <skipped/>
  </testcase> <!-- logOffLinkTest -->
  <testcase name="logOffLinkTest" time="21.894" classname="WebApp.Salesarchitect.testcases.HomePageTestCases">
    <failure type="org.openqa.selenium.NoSuchElementException" message="no such element: Unable to locate element: {&amp;quot;method&amp;quot;:&amp;quot;xpath&amp;quot;,&amp;quot;selector&amp;quot;:&amp;quot;//a[text()=&amp;apos;Log off&amp;apos;]&amp;quot;}
  (Session info: chrome=95.0.4638.54)
For documentation on this error, please visit: https://www.seleniumhq.org/exceptions/no_such_element.html
Build info: version: &amp;apos;3.141.59&amp;apos;, revision: &amp;apos;e82be7d358&amp;apos;, time: &amp;apos;2018-11-14T08:17:03&amp;apos;
System info: host: &amp;apos;EXIPC0120&amp;apos;, ip: &amp;apos;172.16.13.28&amp;apos;, os.name: &amp;apos;Windows 10&amp;apos;, os.arch: &amp;apos;amd64&amp;apos;, os.version: &amp;apos;10.0&amp;apos;, java.version: &amp;apos;1.8.0_201&amp;apos;
Driver info: org.openqa.selenium.chrome.ChromeDriver
Capabilities {acceptInsecureCerts: false, browserName: chrome, browserVersion: 95.0.4638.54, chrome: {chromedriverVersion: 95.0.4638.17 (a9d0719444d4b..., userDataDir: C:\Users\SCHOUD~1\AppData\L...}, goog:chromeOptions: {debuggerAddress: localhost:62135}, javascriptEnabled: true, networkConnectionEnabled: false, pageLoadStrategy: normal, platform: WINDOWS, platformName: WINDOWS, proxy: Proxy(), setWindowRect: true, strictFileInteractability: false, timeouts: {implicit: 0, pageLoad: 300000, script: 30000}, unhandledPromptBehavior: dismiss and notify, webauthn:extension:credBlob: true, webauthn:extension:largeBlob: true, webauthn:virtualAuthenticators: true}
Session ID: 344720a8cde58010d6a540825f785f9f
*** Element info: {Using=xpath, value=//a[text()=&amp;apos;Log off&amp;apos;]}">
      <![CDATA[org.openqa.selenium.NoSuchElementException: no such element: Unable to locate element: {"method":"xpath","selector":"//a[text()='Log off']"}
  (Session info: chrome=95.0.4638.54)
For documentation on this error, please visit: https://www.seleniumhq.org/exceptions/no_such_element.html
Build info: version: '3.141.59', revision: 'e82be7d358', time: '2018-11-14T08:17:03'
System info: host: 'EXIPC0120', ip: '172.16.13.28', os.name: 'Windows 10', os.arch: 'amd64', os.version: '10.0', java.version: '1.8.0_201'
Driver info: org.openqa.selenium.chrome.ChromeDriver
Capabilities {acceptInsecureCerts: false, browserName: chrome, browserVersion: 95.0.4638.54, chrome: {chromedriverVersion: 95.0.4638.17 (a9d0719444d4b..., userDataDir: C:\Users\SCHOUD~1\AppData\L...}, goog:chromeOptions: {debuggerAddress: localhost:62135}, javascriptEnabled: true, networkConnectionEnabled: false, pageLoadStrategy: normal, platform: WINDOWS, platformName: WINDOWS, proxy: Proxy(), setWindowRect: true, strictFileInteractability: false, timeouts: {implicit: 0, pageLoad: 300000, script: 30000}, unhandledPromptBehavior: dismiss and notify, webauthn:extension:credBlob: true, webauthn:extension:largeBlob: true, webauthn:virtualAuthenticators: true}
Session ID: 344720a8cde58010d6a540825f785f9f
*** Element info: {Using=xpath, value=//a[text()='Log off']}
	at org.openqa.selenium.remote.http.W3CHttpResponseCodec.createException(W3CHttpResponseCodec.java:187)
	at org.openqa.selenium.remote.http.W3CHttpResponseCodec.decode(W3CHttpResponseCodec.java:122)
	at org.openqa.selenium.remote.http.W3CHttpResponseCodec.decode(W3CHttpResponseCodec.java:49)
	at org.openqa.selenium.remote.HttpCommandExecutor.execute(HttpCommandExecutor.java:158)
	at org.openqa.selenium.remote.service.DriverCommandExecutor.execute(DriverCommandExecutor.java:83)
	at org.openqa.selenium.remote.RemoteWebDriver.execute(RemoteWebDriver.java:552)
	at org.openqa.selenium.remote.RemoteWebDriver.findElement(RemoteWebDriver.java:323)
	at org.openqa.selenium.remote.RemoteWebDriver.findElementByXPath(RemoteWebDriver.java:428)
	at org.openqa.selenium.By$ByXPath.findElement(By.java:353)
	at org.openqa.selenium.remote.RemoteWebDriver.findElement(RemoteWebDriver.java:315)
	at org.openqa.selenium.support.pagefactory.DefaultElementLocator.findElement(DefaultElementLocator.java:69)
	at org.openqa.selenium.support.pagefactory.internal.LocatingElementHandler.invoke(LocatingElementHandler.java:38)
	at com.sun.proxy.$Proxy8.click(Unknown Source)
	at WebApp.Salesarchitect.Pages.HomePage.logOffLink(HomePage.java:106)
	at WebApp.Salesarchitect.testcases.HomePageTestCases.logOffLinkTest(HomePageTestCases.java:90)
... Removed 28 stack frames]]>
    </failure>
  </testcase> <!-- logOffLinkTest -->
  <testcase name="manageProspectsButtonTest" time="5.056" classname="WebApp.Salesarchitect.testcases.HomePageTestCases"/>
  <testcase name="manageAppsTest" time="1.798" classname="WebApp.Salesarchitect.testcases.HomePageTestCases"/>
  <testcase name="navigatorReportsButtonTest" time="8.643" classname="WebApp.Salesarchitect.testcases.HomePageTestCases"/>
  <testcase name="SuperAdminValidLoginTest" time="11.848" classname="WebApp.Salesarchitect.testcases.LoginPageTestCases"/>
  <testcase name="PartnerSuperAdminValidLoginTest" time="10.275" classname="WebApp.Salesarchitect.testcases.LoginPageTestCases"/>
  <testcase name="testCommunityAdminValidLogin" time="10.549" classname="WebApp.Salesarchitect.testcases.LoginPageTestCases"/>
  <testcase name="SalesRepAdminValidLoginTest" time="11.964" classname="WebApp.Salesarchitect.testcases.LoginPageTestCases"/>
  <testcase name="SalesEditorAdminValidLoginTest" time="10.364" classname="WebApp.Salesarchitect.testcases.LoginPageTestCases"/>
  <testcase name="InValidLoginTest" time="0.749" classname="WebApp.Salesarchitect.testcases.LoginPageTestCases"/>
</testsuite> <!-- SalesArchitectTestCases -->
