<?xml version="1.0" encoding="UTF-8"?>
<!-- Generated by org.testng.reporters.JUnitXMLReporter -->
<testsuite hostname="EXIPC0120" name="SalesArchitectTestCases" tests="31" failures="0" timestamp="11 Mar 2022 07:16:43 GMT" time="664.018" errors="0">
  <testcase name="InValidLoginTest" time="1.863" classname="WebApp.Salesarchitect.testcases.LoginPageTestCases"/>
  <testcase name="PartnerSuperAdminValidLoginTest" time="9.762" classname="WebApp.Salesarchitect.testcases.LoginPageTestCases"/>
  <testcase name="SalesEditorAdminValidLoginTest" time="4.755" classname="WebApp.Salesarchitect.testcases.LoginPageTestCases"/>
  <testcase name="SalesRepAdminValidLoginTest" time="4.793" classname="WebApp.Salesarchitect.testcases.LoginPageTestCases"/>
  <testcase name="SuperAdminValidLoginTest" time="7.842" classname="WebApp.Salesarchitect.testcases.LoginPageTestCases"/>
  <testcase name="testCommunityAdminValidLogin" time="4.404" classname="WebApp.Salesarchitect.testcases.LoginPageTestCases"/>
  <testcase name="associateSVGMasterPlanTest" time="12.333" classname="WebApp.Salesarchitect.testcases.HomePageTestCases"/>
  <testcase name="clearSearchLinkTest" time="10.724" classname="WebApp.Salesarchitect.testcases.HomePageTestCases"/>
  <testcase name="communitySearchBoxByBuilderNameTest" time="12.757" classname="WebApp.Salesarchitect.testcases.HomePageTestCases">
    <skipped/>
  </testcase> <!-- communitySearchBoxByBuilderNameTest -->
  <testcase name="communitySearchBoxByBuilderNameTest" time="12.634" classname="WebApp.Salesarchitect.testcases.HomePageTestCases"/>
  <testcase name="communitySearchBoxByCommunityNameTest" time="6.279" classname="WebApp.Salesarchitect.testcases.HomePageTestCases"/>
  <testcase name="geoSpatialSitePlanJsonLinkTest" time="13.974" classname="WebApp.Salesarchitect.testcases.HomePageTestCases"/>
  <testcase name="geoSpatialSitePlanSvgGeoLinkTest" time="11.316" classname="WebApp.Salesarchitect.testcases.HomePageTestCases"/>
  <testcase name="isApikeyValueTest" time="2.149" classname="WebApp.Salesarchitect.testcases.HomePageTestCases"/>
  <testcase name="logOffTest" time="0.892" classname="WebApp.Salesarchitect.testcases.HomePageTestCases"/>
  <testcase name="manageLotsFillDataTestExcel" time="9.163" classname="WebApp.Salesarchitect.testcases.HomePageTestCases"/>
  <testcase name="previewSVGMasterPlanLinkTest" time="8.072" classname="WebApp.Salesarchitect.testcases.HomePageTestCases"/>
  <testcase name="siteOverviewLinkTest" time="14.188" classname="WebApp.Salesarchitect.testcases.HomePageTestCases"/>
  <testcase name="sitePreviewLinkTest" time="12.687" classname="WebApp.Salesarchitect.testcases.HomePageTestCases"/>
  <testcase name="uploadSVGMasterPlanTest" time="25.793" classname="WebApp.Salesarchitect.testcases.HomePageTestCases"/>
  <testcase name="verifyNextPagerIconTest" time="8.714" classname="WebApp.Salesarchitect.testcases.HomePageTestCases"/>
  <testcase name="verifyHomePageTitleTest" time="0.007" classname="WebApp.Salesarchitect.testcases.HomePageTestCases"/>
  <testcase name="verifyUserNameTest" time="0.104" classname="WebApp.Salesarchitect.testcases.HomePageTestCases"/>
  <testcase name="clickNewHomeNavigatorLinkTest" time="8.406" classname="WebApp.Salesarchitect.testcases.HomePageTestCases"/>
  <testcase name="manageUsersLinkTest" time="3.452" classname="WebApp.Salesarchitect.testcases.HomePageTestCases"/>
  <testcase name="partnerConfigurationLinkTest" time="3.435" classname="WebApp.Salesarchitect.testcases.HomePageTestCases"/>
  <testcase name="manageProspectsButtonTest" time="7.452" classname="WebApp.Salesarchitect.testcases.HomePageTestCases"/>
  <testcase name="manageAppsTest" time="3.566" classname="WebApp.Salesarchitect.testcases.HomePageTestCases"/>
  <testcase name="navigatorReportsButtonTest" time="8.493" classname="WebApp.Salesarchitect.testcases.HomePageTestCases"/>
  <testcase name="uploadSVGTest" time="27.509" classname="WebApp.Salesarchitect.testcases.HomePageTestCases"/>
  <testcase name="deleteAllLotsInfoLinkTest" time="8.66" classname="WebApp.Salesarchitect.testcases.HomePageTestCases"/>
</testsuite> <!-- SalesArchitectTestCases -->
