<?xml version="1.0" encoding="UTF-8"?>
<testng-results skipped="0" failed="0" total="1" passed="1">
  <reporter-output>
  </reporter-output>
  <suite name="Default suite" duration-ms="31476" started-at="2022-03-11T07:25:24Z" finished-at="2022-03-11T07:25:55Z">
    <groups>
    </groups>
    <test name="Default test" duration-ms="31476" started-at="2022-03-11T07:25:24Z" finished-at="2022-03-11T07:25:55Z">
      <class name="WebApp.Salesarchitect.testcases.HomePageTestCases">
        <test-method status="PASS" signature="setUp()[pri:0, instance:WebApp.Salesarchitect.testcases.HomePageTestCases@2acf57e3]" name="setUp" is-config="true" duration-ms="17887" started-at="2022-03-11T12:55:24Z" finished-at="2022-03-11T12:55:42Z">
          <reporter-output>
          </reporter-output>
        </test-method> <!-- setUp -->
        <test-method status="PASS" signature="communitySearchBoxByBuilderNameTest()[pri:0, instance:WebApp.Salesarchitect.testcases.HomePageTestCases@2acf57e3]" name="communitySearchBoxByBuilderNameTest" duration-ms="12690" started-at="2022-03-11T12:55:42Z" finished-at="2022-03-11T12:55:55Z">
          <reporter-output>
          </reporter-output>
        </test-method> <!-- communitySearchBoxByBuilderNameTest -->
        <test-method status="PASS" signature="tearDown()[pri:0, instance:WebApp.Salesarchitect.testcases.HomePageTestCases@2acf57e3]" name="tearDown" is-config="true" duration-ms="850" started-at="2022-03-11T12:55:55Z" finished-at="2022-03-11T12:55:55Z">
          <reporter-output>
          </reporter-output>
        </test-method> <!-- tearDown -->
      </class> <!-- WebApp.Salesarchitect.testcases.HomePageTestCases -->
    </test> <!-- Default test -->
  </suite> <!-- Default suite -->
</testng-results>
