<?xml version="1.0" encoding="UTF-8"?>
<!-- Generated by org.testng.reporters.JUnitXMLReporter -->
<testsuite hostname="EXIPC0120" name="SalesArchitectTestCases" tests="33" failures="0" timestamp="1 Mar 2022 08:26:56 GMT" time="813.298" errors="0">
  <testcase name="InValidLoginTest" time="1.774" classname="WebApp.Salesarchitect.testcases.LoginPageTestCases"/>
  <testcase name="PartnerSuperAdminValidLoginTest" time="6.082" classname="WebApp.Salesarchitect.testcases.LoginPageTestCases"/>
  <testcase name="SalesEditorAdminValidLoginTest" time="5.456" classname="WebApp.Salesarchitect.testcases.LoginPageTestCases"/>
  <testcase name="SalesRepAdminValidLoginTest" time="5.413" classname="WebApp.Salesarchitect.testcases.LoginPageTestCases"/>
  <testcase name="SuperAdminValidLoginTest" time="6.876" classname="WebApp.Salesarchitect.testcases.LoginPageTestCases"/>
  <testcase name="testCommunityAdminValidLogin" time="6.985" classname="WebApp.Salesarchitect.testcases.LoginPageTestCases"/>
  <testcase name="associateSVGMasterPlanTest" time="16.832" classname="WebApp.Salesarchitect.testcases.HomePageTestCases"/>
  <testcase name="clearSearchLinkTest" time="10.859" classname="WebApp.Salesarchitect.testcases.HomePageTestCases"/>
  <testcase name="communitySearchBoxByBuilderNameTest" time="13.347" classname="WebApp.Salesarchitect.testcases.HomePageTestCases"/>
  <testcase name="communitySearchBoxByCommunityNameTest" time="6.605" classname="WebApp.Salesarchitect.testcases.HomePageTestCases"/>
  <testcase name="geoSpatialSitePlanJsonLinkTest" time="17.076" classname="WebApp.Salesarchitect.testcases.HomePageTestCases"/>
  <testcase name="geoSpatialSitePlanSvgGeoLinkTest" time="27.065" classname="WebApp.Salesarchitect.testcases.HomePageTestCases">
    <skipped/>
  </testcase> <!-- geoSpatialSitePlanSvgGeoLinkTest -->
  <testcase name="geoSpatialSitePlanSvgGeoLinkTest" time="28.535" classname="WebApp.Salesarchitect.testcases.HomePageTestCases">
    <skipped/>
  </testcase> <!-- geoSpatialSitePlanSvgGeoLinkTest -->
  <testcase name="geoSpatialSitePlanSvgGeoLinkTest" time="10.894" classname="WebApp.Salesarchitect.testcases.HomePageTestCases"/>
  <testcase name="isApikeyValueTest" time="2.372" classname="WebApp.Salesarchitect.testcases.HomePageTestCases"/>
  <testcase name="logOffTest" time="1.09" classname="WebApp.Salesarchitect.testcases.HomePageTestCases"/>
  <testcase name="manageLotsFillDataTestExcel" time="13.518" classname="WebApp.Salesarchitect.testcases.HomePageTestCases"/>
  <testcase name="previewSVGMasterPlanLinkTest" time="10.06" classname="WebApp.Salesarchitect.testcases.HomePageTestCases"/>
  <testcase name="siteOverviewLinkTest" time="13.114" classname="WebApp.Salesarchitect.testcases.HomePageTestCases"/>
  <testcase name="sitePreviewLinkTest" time="12.219" classname="WebApp.Salesarchitect.testcases.HomePageTestCases"/>
  <testcase name="uploadSVGMasterPlanTest" time="21.617" classname="WebApp.Salesarchitect.testcases.HomePageTestCases">
    <skipped/>
  </testcase> <!-- uploadSVGMasterPlanTest -->
  <testcase name="uploadSVGMasterPlanTest" time="21.177" classname="WebApp.Salesarchitect.testcases.HomePageTestCases"/>
  <testcase name="verifyNextPagerIconTest" time="9.008" classname="WebApp.Salesarchitect.testcases.HomePageTestCases"/>
  <testcase name="verifyHomePageTitleTest" time="0.008" classname="WebApp.Salesarchitect.testcases.HomePageTestCases"/>
  <testcase name="verifyUserNameTest" time="0.1" classname="WebApp.Salesarchitect.testcases.HomePageTestCases"/>
  <testcase name="clickNewHomeNavigatorLinkTest" time="3.849" classname="WebApp.Salesarchitect.testcases.HomePageTestCases"/>
  <testcase name="manageUsersLinkTest" time="6.168" classname="WebApp.Salesarchitect.testcases.HomePageTestCases"/>
  <testcase name="partnerConfigurationLinkTest" time="6.43" classname="WebApp.Salesarchitect.testcases.HomePageTestCases"/>
  <testcase name="manageProspectsButtonTest" time="4.739" classname="WebApp.Salesarchitect.testcases.HomePageTestCases"/>
  <testcase name="manageAppsTest" time="3.5" classname="WebApp.Salesarchitect.testcases.HomePageTestCases"/>
  <testcase name="navigatorReportsButtonTest" time="5.978" classname="WebApp.Salesarchitect.testcases.HomePageTestCases"/>
  <testcase name="uploadSVGTest" time="59.929" classname="WebApp.Salesarchitect.testcases.HomePageTestCases"/>
  <testcase name="deleteAllLotsInfoLinkTest" time="8.17" classname="WebApp.Salesarchitect.testcases.HomePageTestCases"/>
</testsuite> <!-- SalesArchitectTestCases -->
